<?xml version="1.0" encoding="UTF-8"?>
<!-- Generated by org.testng.reporters.JUnitReportReporter -->
<testsuite hostname="DESKTOP-27FB63A" failures="0" tests="2" name="allRequest.UserService" time="74.176" errors="0" timestamp="2023-04-07T17:18:56 EET" skipped="0">
  <testcase classname="allRequest.UserService" name="GET_TC001_GetAllUsers" time="35.157"/>
  <system-out/>
  <testcase classname="allRequest.UserService" name="GET_TC001_GetAllUsers2" time="39.019"/>
  <system-out/>
</testsuite> <!-- allRequest.UserService -->
