<?xml version="1.0" encoding="UTF-8"?>
<!-- Generated by org.testng.reporters.JUnitReportReporter -->
<testsuite hostname="DESKTOP-27FB63A" failures="0" tests="1" name="allRequest.ABC" time="0.029" errors="0" timestamp="2023-04-07T02:05:22 EET" skipped="0">
  <testcase classname="allRequest.ABC" name="test" time="0.029"/>
  <system-out/>
</testsuite> <!-- allRequest.ABC -->
