<?xml version="1.0" encoding="UTF-8"?>
<!-- Generated by org.testng.reporters.JUnitReportReporter -->
<testsuite hostname="DESKTOP-27FB63A" failures="0" tests="1" name="allRequest.ABC" time="0.015" errors="0" timestamp="2023-04-06T16:25:02 EET" skipped="0">
  <testcase classname="allRequest.ABC" name="abc" time="0.015"/>
  <system-out/>
</testsuite> <!-- allRequest.ABC -->
