<?xml version="1.0" encoding="UTF-8"?>
<!-- Generated by org.testng.reporters.JUnitReportReporter -->
<testsuite hostname="DESKTOP-27FB63A" failures="0" tests="1" name="allRequest.Test02" time="0.001" errors="0" timestamp="2023-04-07T17:18:56 EET" skipped="0">
  <testcase classname="allRequest.Test02" name="test" time="0.001"/>
  <system-out/>
</testsuite> <!-- allRequest.Test02 -->
